2026-03-10 21:10:05 — ROOM01 STATUS: normal
2026-03-10 21:10:06 — ROOM01 SENSOR CHECK: thermal confirmation detected
2026-03-10 21:10:08 — ROOM01 STATUS: alarm test active
2026-03-10 21:10:43 — ROOM01 STATUS: alarm test cleared
2026-03-10 21:10:48 — ROOM01 STATUS: normal ventilation resumed
2026-03-10 22:44:11 — ROOM01 STATUS: normal
2026-03-10 22:44:13 — ROOM01 SENSOR CHECK: thermal confirmation detected
2026-03-10 22:44:17 — ROOM01 STATUS: access test active
2026-03-10 22:44:32 — ROOM01 STATUS: access test cleared
2026-03-10 22:44:37 — ROOM01 STATUS: normal
2026-03-11 20:18:22 — ROOM01 STATUS: normal
2026-03-11 20:18:24 — ROOM01 SENSOR CHECK: thermal confirmation detected
2026-03-11 20:18:29 — ROOM01 STATUS: ventilation test active
2026-03-11 20:18:51 — ROOM01 STATUS: ventilation test cleared
2026-03-11 20:18:55 — ROOM01 STATUS: normal
2026-03-12 19:42:06 — ROOM01 STATUS: normal
2026-03-12 19:42:08 — ROOM01 SENSOR CHECK: thermal confirmation detected
2026-03-12 19:42:10 — ROOM01 STATUS: scheduled inspection mode
2026-03-12 19:42:41 — ROOM01 STATUS: scheduled inspection cleared
2026-03-12 19:42:45 — ROOM01 STATUS: normal
2026-03-13 22:07:44 — ROOM01 STATUS: normal
2026-03-13 22:07:45 — ROOM01 SENSOR CHECK: thermal confirmation detected
2026-03-13 22:07:49 — ROOM01 STATUS: alarm test active
2026-03-13 22:08:21 — ROOM01 STATUS: alarm test cleared
2026-03-13 22:08:26 — ROOM01 STATUS: normal ventilation resumed
2026-03-14 18:54:13 — ROOM01 STATUS: normal
2026-03-14 18:54:14 — ROOM01 SENSOR CHECK: thermal confirmation detected
2026-03-14 18:54:19 — ROOM01 STATUS: access test active
2026-03-14 18:54:31 — ROOM01 STATUS: access test cleared
2026-03-14 18:54:34 — ROOM01 STATUS: normal
2026-03-15 21:26:50 — ROOM01 STATUS: normal
2026-03-15 21:26:52 — ROOM01 SENSOR CHECK: thermal confirmation detected
2026-03-15 21:26:56 — ROOM01 STATUS: alarm test active
2026-03-15 21:27:27 — ROOM01 STATUS: alarm test cleared
2026-03-15 21:27:32 — ROOM01 STATUS: normal ventilation resumed
2026-03-16 20:11:18 — ROOM01 STATUS: normal
2026-03-16 20:11:21 — ROOM01 SENSOR CHECK: thermal confirmation detected
2026-03-16 20:11:25 — ROOM01 STATUS: scheduled inspection mode
2026-03-16 20:11:47 — ROOM01 STATUS: scheduled inspection cleared
2026-03-16 20:11:50 — ROOM01 STATUS: normal
2026-03-17 22:41:12 — ROOM01 STATUS: normal
2026-03-17 23:18:44 — ROOM01 STATUS: fire alarm active
2026-03-17 23:18:45 — ROOM01 SENSOR CHECK: thermal confirmation not detected
2026-03-17 23:18:51 — ROOM01 STATUS: incident mode
2026-03-17 23:19:03 — ROOM01 STATUS: room isolation active
2026-03-17 23:34:27 — ROOM01 STATUS: alarm cleared
2026-03-17 23:34:41 — ROOM01 STATUS: normal ventilation resumed
